0 info it worked if it ends with ok
1 verbose cli [ '/usr/bin/node', '/usr/bin/npm', 'install', '-g', 'n' ]
2 info using npm@3.5.2
3 info using node@v8.10.0
4 silly loadCurrentTree Starting
5 silly install loadCurrentTree
6 silly install readGlobalPackageData
7 silly fetchPackageMetaData n
8 silly fetchNamedPackageData n
9 silly mapToRegistry name n
10 silly mapToRegistry using default registry
11 silly mapToRegistry registry https://registry.npmjs.org/
12 silly mapToRegistry uri https://registry.npmjs.org/n
13 verbose request uri https://registry.npmjs.org/n
14 verbose request no auth needed
15 info attempt registry request try #1 at 1:31:35 AM
16 verbose request id 09a249aa940e1f87
17 http request GET https://registry.npmjs.org/n
18 http 200 https://registry.npmjs.org/n
19 verbose headers { date: 'Sun, 19 Jul 2020 20:01:41 GMT',
19 verbose headers   'content-type': 'application/json',
19 verbose headers   'transfer-encoding': 'chunked',
19 verbose headers   connection: 'keep-alive',
19 verbose headers   'set-cookie':
19 verbose headers    [ '__cfduid=d909ca99793fe592cae9de40948299b651595188899; expires=Tue, 18-Aug-20 20:01:39 GMT; path=/; domain=.npmjs.org; HttpOnly; SameSite=Lax' ],
19 verbose headers   'cf-ray': '5b57091f7af5de92-BLR',
19 verbose headers   'cache-control': 'public, max-age=300',
19 verbose headers   etag: 'W/"31cd2b67d4ee6dc364a941e7611bf76a"',
19 verbose headers   'last-modified': 'Sat, 04 Jul 2020 03:27:43 GMT',
19 verbose headers   vary: 'accept-encoding, accept',
19 verbose headers   'cf-cache-status': 'EXPIRED',
19 verbose headers   'cf-request-id': '040a4407a80000de9207907200000001',
19 verbose headers   'expect-ct': 'max-age=604800, report-uri="https://report-uri.cloudflare.com/cdn-cgi/beacon/expect-ct"',
19 verbose headers   server: 'cloudflare',
19 verbose headers   'content-encoding': 'gzip' }
20 silly get cb [ 200,
20 silly get   { date: 'Sun, 19 Jul 2020 20:01:41 GMT',
20 silly get     'content-type': 'application/json',
20 silly get     'transfer-encoding': 'chunked',
20 silly get     connection: 'keep-alive',
20 silly get     'set-cookie':
20 silly get      [ '__cfduid=d909ca99793fe592cae9de40948299b651595188899; expires=Tue, 18-Aug-20 20:01:39 GMT; path=/; domain=.npmjs.org; HttpOnly; SameSite=Lax' ],
20 silly get     'cf-ray': '5b57091f7af5de92-BLR',
20 silly get     'cache-control': 'public, max-age=300',
20 silly get     etag: 'W/"31cd2b67d4ee6dc364a941e7611bf76a"',
20 silly get     'last-modified': 'Sat, 04 Jul 2020 03:27:43 GMT',
20 silly get     vary: 'accept-encoding, accept',
20 silly get     'cf-cache-status': 'EXPIRED',
20 silly get     'cf-request-id': '040a4407a80000de9207907200000001',
20 silly get     'expect-ct': 'max-age=604800, report-uri="https://report-uri.cloudflare.com/cdn-cgi/beacon/expect-ct"',
20 silly get     server: 'cloudflare',
20 silly get     'content-encoding': 'gzip' } ]
21 verbose get saving n to /home/prem/.npm/registry.npmjs.org/n/.cache.json
22 verbose makeDirectory /home/prem/.npm creation not in flight; initializing
23 silly makeDirectory /home/prem/.npm uid: 1000 gid: 1000
24 silly install normalizeTree
25 silly loadCurrentTree Finishing
26 silly loadIdealTree Starting
27 silly install loadIdealTree
28 silly cloneCurrentTree Starting
29 silly install cloneCurrentTreeToIdealTree
30 silly cloneCurrentTree Finishing
31 silly loadShrinkwrap Starting
32 silly install loadShrinkwrap
33 silly loadShrinkwrap Finishing
34 silly loadAllDepsIntoIdealTree Starting
35 silly install loadAllDepsIntoIdealTree
36 silly resolveWithNewModule n@6.6.0 checking installable status
37 silly cache add args [ 'n', null ]
38 verbose cache add spec n
39 silly cache add parsed spec Result {
39 silly cache add   raw: 'n',
39 silly cache add   scope: null,
39 silly cache add   name: 'n',
39 silly cache add   rawSpec: '',
39 silly cache add   spec: 'latest',
39 silly cache add   type: 'tag' }
40 silly addNamed n@latest
41 verbose addNamed "latest" is being treated as a dist-tag for n
42 info addNameTag [ 'n', 'latest' ]
43 silly mapToRegistry name n
44 silly mapToRegistry using default registry
45 silly mapToRegistry registry https://registry.npmjs.org/
46 silly mapToRegistry uri https://registry.npmjs.org/n
47 verbose addNameTag registry:https://registry.npmjs.org/n not in flight; fetching
48 verbose get https://registry.npmjs.org/n not expired, no request
49 silly addNameTag next cb for n with tag latest
50 silly addNamed n@6.6.0
51 verbose addNamed "6.6.0" is a plain semver version for n
52 silly mapToRegistry name n
53 silly mapToRegistry using default registry
54 silly mapToRegistry registry https://registry.npmjs.org/
55 silly mapToRegistry uri https://registry.npmjs.org/n
56 verbose addRemoteTarball https://registry.npmjs.org/n/-/n-6.6.0.tgz not in flight; adding
57 verbose addRemoteTarball [ 'https://registry.npmjs.org/n/-/n-6.6.0.tgz',
57 verbose addRemoteTarball   '2fa9776740cf5a49151c25919cbcfe1c58d63f7d' ]
58 silly rollbackFailedOptional Starting
59 silly rollbackFailedOptional Finishing
60 silly runTopLevelLifecycles Starting
61 silly runTopLevelLifecycles Finishing
62 silly install printInstalled
63 verbose stack Error: EACCES: permission denied, mkdir '/tmp/npm-105-ae8850ce'
64 verbose cwd /mnt/c/Users/premp/OneDrive/Documents/GitHub/typeScript
65 error Linux 4.4.0-19041-Microsoft
66 error argv "/usr/bin/node" "/usr/bin/npm" "install" "-g" "n"
67 error node v8.10.0
68 error npm  v3.5.2
69 error path /tmp/npm-105-ae8850ce
70 error code EACCES
71 error errno -13
72 error syscall mkdir
73 error Error: EACCES: permission denied, mkdir '/tmp/npm-105-ae8850ce'
73 error  { Error: EACCES: permission denied, mkdir '/tmp/npm-105-ae8850ce'
73 error   errno: -13,
73 error   code: 'EACCES',
73 error   syscall: 'mkdir',
73 error   path: '/tmp/npm-105-ae8850ce' }
74 error Please try running this command again as root/Administrator.
75 verbose exit [ -13, true ]
